6.1458E-5
1.5291E-5
2.892E-6
1.0792E-5
7.458E-6
8.333E-6
1.1458E-5
8.958E-6
5.167E-6
3.666E-6
9.917E-6
3.709E-6
1.2459E-5
5.209E-6
2.04125E-4
5.725E-5
1.3E-5
8.417E-6
6.208E-6
3.208E-6
1.625E-6
2.041E-6
5.583E-6
2.709E-6
1.25E-6
1.458E-6
1.541E-6
4.583E-6
5.333E-6
2.792E-6
5.167E-6
8.584E-6
3.334E-6
3.167E-6
9.416E-6
6.333E-6
1.2292E-5
3.0E-6
5.417E-6
5.958E-6
6.667E-6
9.5E-6
5.708E-6
2.25E-6
2.166E-6
7.833E-6
6.667E-6
6.25E-6
9.625E-6
2.417E-6
3.2625E-5
3.25E-6
4.291E-6
1.3E-5
6.709E-6
1.4475E-4
2.0E-6
1.75E-6
1.5E-6
5.625E-6
1.708E-6
1.541E-6
1.542E-6
2.125E-6
2.292E-6
1.125E-6
4.375E-6
1.917E-6
1.792E-6
2.042E-6
2.292E-6
1.583E-6
1.875E-6
2.292E-6
1.459E-6
1.667E-6
2.166E-6
5.625E-6
1.625E-6
6.042E-6
1.75E-6
1.75E-6
1.791E-6
1.834E-6
6.083E-6
2.208E-6
1.583E-6
1.292E-6
2.167E-6
1.35041E-4
2.833E-6
1.21625E-4
2.625E-6
4.292E-6
1.08917E-4
1.875E-6
2.208E-6
1.875E-6
1.833E-6
1.4542E-5
