0.00282875
6.4917E-5
1.95292E-4
1.13042E-4
3.458E-6
3.5E-6
3.208E-6
2.583E-6
2.917E-6
3.625E-6
3.584E-6
4.208E-6
4.791E-6
5.166E-6
5.333E-6
3.333E-6
2.417E-6
3.125E-6
2.583E-6
3.166E-6
2.792E-6
3.583E-6
3.875E-6
2.917E-6
2.625E-6
2.083E-6
3.167E-6
3.917E-6
3.042E-6
1.584E-6
2.708E-6
1.333E-6
2.542E-6
3.708E-6
3.25E-6
3.5E-6
3.209E-6
3.375E-6
3.334E-6
7.791E-6
2.333E-6
2.75E-6
1.875E-6
3.5E-6
1.833E-6
3.667E-6
3.083E-6
2.292E-6
1.166E-6
2.625E-6
4.125E-6
3.667E-6
3.166E-6
3.792E-6
3.125E-6
1.11583E-4
3.417E-6
3.0E-6
9.5E-6
3.209E-6
2.25E-6
2.583E-6
1.959E-6
2.416E-6
1.625E-6
2.042E-6
3.166E-6
4.292E-6
3.041E-6
2.459E-6
1.541E-6
1.917E-6
3.458E-6
3.25E-6
2.5E-6
1.292E-6
1.584E-6
1.75E-6
3.625E-6
2.542E-6
2.542E-6
5.833E-6
2.875E-6
4.0E-6
1.708E-6
3.334E-6
1.708E-6
4.417E-6
1.291E-6
2.709E-6
2.667E-6
2.167E-6
3.334E-6
2.334E-6
3.0E-6
2.75E-6
3.541E-6
2.292E-6
3.041E-6
2.375E-6
