3.2708E-5
1.791E-6
1.333E-6
1.167E-6
1.208E-6
1.167E-6
2.542E-6
1.916E-6
1.291E-6
1.0E-6
7.92E-7
6.67E-7
6.67E-7
5.83E-7
6.66E-7
6.25E-7
6.67E-7
6.25E-7
5.83E-7
6.25E-7
5.83E-7
2.083E-6
1.292E-6
1.083E-6
9.16E-7
9.58E-7
8.34E-7
8.75E-7
7.09E-7
7.08E-7
5.83E-7
7.5E-7
6.25E-7
7.5E-7
6.67E-7
1.208E-6
9.16E-7
9.58E-7
6.66E-7
6.25E-7
8.34E-7
1.75E-6
1.583E-6
9.59E-7
9.17E-7
7.92E-7
7.5E-7
6.67E-7
6.25E-7
6.25E-7
5.42E-7
7.08E-7
5.42E-7
7.92E-7
5.84E-7
5.83E-7
5.42E-7
7.92E-7
1.292E-6
1.0E-6
8.75E-7
8.33E-7
4.17E-7
1.917E-6
5.0E-7
3.75E-7
4.17E-7
3.75E-7
3.75E-7
3.75E-7
2.91E-7
2.92E-7
4.58E-7
4.17E-7
2.92E-7
3.33E-7
3.34E-7
2.5E-7
2.5E-7
2.5E-7
2.5E-7
2.5E-7
2.08E-7
3.34E-7
2.92E-7
3.33E-7
3.33E-7
2.5E-7
6.25E-7
4.58E-7
5.83E-7
5.0E-7
5.83E-7
5.42E-7
4.16E-7
5.42E-7
4.58E-7
5.84E-7
5.42E-7
9.417E-6
