6.1425E-4
1.44291E-4
9.833E-6
6.417E-6
6.542E-6
6.375E-6
7.459E-6
3.292E-6
2.833E-6
2.375E-6
2.584E-6
2.166E-6
6.209E-6
2.209E-6
2.041E-6
1.3042E-5
2.625E-6
6.875E-6
2.542E-6
2.375E-6
2.0E-6
2.417E-6
2.25E-6
2.917E-6
1.625E-6
1.875E-6
2.0E-6
2.167E-6
2.541E-6
2.458E-6
2.417E-6
2.458E-6
2.416E-6
1.833E-6
6.125E-6
4.542E-6
3.75E-6
2.209E-6
2.542E-6
2.417E-6
2.416E-6
2.209E-6
2.042E-6
2.417E-6
1.875E-6
2.25E-6
1.541E-6
2.041E-6
2.625E-6
2.042E-6
2.25E-6
1.959E-6
1.833E-6
2.333E-6
2.292E-6
2.042E-6
2.875E-6
1.875E-6
1.791E-6
1.833E-6
2.792E-6
1.917E-6
7.166E-6
2.25E-6
2.042E-6
1.792E-6
1.25E-6
1.375E-6
1.2625E-5
1.4041E-5
2.042E-6
1.875E-6
1.0958E-5
2.25E-6
3.625E-6
2.417E-6
2.375E-6
2.709E-6
2.125E-6
2.417E-6
2.25E-6
2.292E-6
4.209E-6
3.417E-6
5.792E-6
4.958E-6
2.458E-6
3.416E-6
2.334E-6
2.083E-6
2.209E-6
2.834E-6
2.917E-6
1.48542E-4
3.042E-6
1.17708E-4
2.584E-6
2.083E-6
1.959E-6
2.3667E-5
