5.87333E-4
1.69833E-4
7.05917E-4
9.4875E-5
3.791E-6
2.958E-6
2.542E-6
2.167E-6
2.25E-6
2.625E-6
2.5E-6
3.958E-6
3.625E-6
1.334E-6
2.083E-6
2.292E-6
1.5E-6
3.25E-6
1.209E-6
1.25E-6
1.125E-6
1.958E-6
1.625E-6
1.291E-6
1.0E-6
1.083E-6
1.083E-6
1.875E-6
1.542E-6
8.75E-7
1.375E-6
7.92E-7
1.541E-6
9.4209E-5
5.5E-6
4.0E-6
3.458E-6
7.7375E-5
4.041E-6
9.0E-6
2.167E-6
2.542E-6
3.875E-6
4.708E-6
2.833E-6
3.292E-6
3.5E-6
1.916E-6
1.083E-6
2.167E-6
3.542E-6
3.459E-6
2.833E-6
3.083E-6
2.25E-6
2.417E-6
2.5E-6
2.792E-6
7.25E-6
3.125E-6
2.083E-6
2.25E-6
1.5E-6
2.25E-6
1.625E-6
1.917E-6
2.0E-6
3.5E-6
3.292E-6
2.375E-6
1.375E-6
1.708E-6
3.0E-6
3.333E-6
2.792E-6
1.542E-6
1.333E-6
1.625E-6
2.792E-6
2.333E-6
1.958E-6
3.084E-6
2.5333E-5
3.916E-6
2.042E-6
2.708E-6
1.792E-6
3.875E-6
1.25E-6
3.208E-6
2.166E-6
1.958E-6
3.041E-6
2.209E-6
2.917E-6
2.333E-6
3.583E-6
3.833E-6
3.708E-6
3.0E-6
