2.89209E-4
6.4833E-5
1.5E-6
2.25E-6
6.25E-7
6.66E-7
8.34E-7
7.5E-7
5.83E-7
6.25E-7
6.25E-7
9.17E-7
7.92E-7
6.25E-7
1.417E-6
7.91E-7
5.42E-7
7.09E-7
7.08E-7
8.34E-7
1.917E-6
1.916E-6
1.833E-6
1.583E-6
1.25E-6
1.375E-6
1.25E-6
1.709E-6
1.542E-6
1.083E-6
2.083E-6
8.708E-6
1.792E-6
2.375E-6
1.667E-6
2.583E-6
2.0E-6
1.875E-6
6.6925E-4
8.0166E-5
1.334E-6
1.208E-6
8.75E-7
1.25E-6
1.042E-6
1.417E-6
1.0E-6
8.75E-7
5.83E-7
1.0E-6
1.208E-6
1.208E-6
8.75E-7
1.083E-6
7.91E-7
8.75E-7
7.5E-7
9.16E-7
8.0417E-5
6.6458E-5
1.167E-6
2.542E-6
1.375E-6
1.041E-6
7.5E-7
9.16E-7
1.25E-6
1.667E-6
1.292E-6
1.042E-6
5.42E-7
8.33E-7
9.58E-7
1.875E-6
1.291E-6
1.0E-6
7.09E-7
6.67E-7
1.167E-6
9.58E-7
7.91E-7
1.125E-6
1.125E-6
1.5E-6
1.041E-6
1.125E-6
6.67E-7
1.583E-6
5.0E-7
1.042E-6
1.084E-6
7.5E-7
1.291E-6
7.92E-7
9.17E-7
8.75E-7
1.166E-6
7.08E-7
1.083E-6
7.91E-7
