2.08125E-4
1.8125E-5
1.5625E-5
7.291E-6
1.208E-6
1.333E-6
2.667E-6
1.5E-6
1.209E-6
1.583E-6
1.459E-6
1.625E-6
2.083E-6
1.167E-6
1.625E-6
1.25E-6
8.34E-7
1.084E-6
9.58E-7
1.208E-6
1.125E-5
2.167E-6
1.583E-6
2.3041E-5
1.0E-6
1.167E-6
8.33E-7
1.791E-6
1.541E-6
9.58E-7
1.416E-6
1.042E-6
1.708E-6
1.875E-6
1.709E-6
1.667E-6
1.916E-6
1.458E-6
1.541E-6
1.792E-6
8.33E-7
1.042E-6
7.09E-7
2.75E-6
1.25E-6
2.125E-6
1.75E-6
1.75E-6
7.92E-7
1.125E-6
1.875E-6
1.958E-6
1.0E-6
1.708E-6
9.59E-7
9.16E-7
8.75E-7
1.208E-6
1.917E-6
1.625E-6
1.208E-6
8.33E-7
6.25E-7
8.34E-7
5.83E-7
6.66E-7
7.91E-7
1.458E-6
1.292E-6
1.084E-6
5.83E-7
6.67E-7
1.042E-6
1.167E-6
8.33E-7
7.09E-7
6.66E-7
6.25E-7
1.084E-6
8.33E-7
9.17E-7
1.083E-6
9.58E-7
1.542E-6
7.92E-7
1.167E-6
6.25E-7
1.458E-6
4.58E-7
1.0E-6
8.75E-7
7.92E-7
1.458E-6
3.417E-6
2.417E-6
1.125E-6
1.875E-6
1.209E-6
1.959E-6
2.09083E-4
