0.001938834
1.95708E-4
1.91667E-4
2.06041E-4
3.22583E-4
2.03792E-4
1.97E-4
3.81E-4
3.14333E-4
2.03583E-4
3.06167E-4
2.27792E-4
7.23708E-4
8.18958E-4
2.105E-4
2.39166E-4
2.16417E-4
2.2625E-4
2.30666E-4
0.001586833
0.00100375
3.07625E-4
0.002333708
5.02917E-4
5.41708E-4
3.28041E-4
4.98958E-4
3.3575E-4
3.32708E-4
8.15958E-4
3.41125E-4
5.458E-6
4.292E-6
3.31208E-4
7.77916E-4
5.84875E-4
5.165E-4
7.16916E-4
2.95208E-4
2.97917E-4
2.8625E-4
2.99417E-4
3.095E-4
3.035E-4
3.11291E-4
3.07875E-4
3.10167E-4
3.26959E-4
3.13292E-4
3.14083E-4
3.23084E-4
4.0E-6
3.05542E-4
3.17583E-4
3.34292E-4
3.89917E-4
3.0825E-4
3.23083E-4
3.16666E-4
6.25458E-4
3.00542E-4
2.93125E-4
3.541E-6
2.9075E-4
4.25708E-4
5.045E-4
1.94916E-4
1.93334E-4
2.0225E-4
1.625E-6
1.98166E-4
1.583E-6
2.22208E-4
5.45708E-4
4.85792E-4
2.291E-6
1.541E-6
2.1225E-4
2.15458E-4
2.14E-4
2.20458E-4
1.416E-6
2.0575E-4
1.542E-6
2.195E-4
1.945E-4
1.90084E-4
1.92125E-4
1.91208E-4
3.09083E-4
2.05666E-4
1.95458E-4
2.04542E-4
1.375E-6
1.584E-6
0.013318458
2.06E-4
1.18375E-4
1.04375E-4
8.50791E-4
