0.001595459
5.85292E-4
2.74708E-4
2.05625E-4
2.05042E-4
2.17083E-4
2.25666E-4
2.09959E-4
1.96958E-4
1.94166E-4
1.98292E-4
1.96958E-4
1.9175E-4
3.10333E-4
2.34667E-4
2.04833E-4
2.0325E-4
1.99125E-4
2.04583E-4
1.25959E-4
5.05125E-4
2.84416E-4
7.5225E-4
0.001238292
5.34042E-4
5.87083E-4
3.855E-4
2.96791E-4
2.8325E-4
2.94958E-4
2.88667E-4
1.667E-6
1.625E-6
3.40208E-4
8.735E-4
3.83583E-4
3.23542E-4
3.05916E-4
3.09834E-4
3.19584E-4
3.10292E-4
3.17959E-4
3.22958E-4
3.33541E-4
2.99708E-4
2.87083E-4
2.97417E-4
2.91208E-4
3.33E-4
2.84459E-4
2.79792E-4
1.542E-6
2.77459E-4
2.735E-4
3.03333E-4
3.06792E-4
2.47667E-4
2.47792E-4
2.51917E-4
5.545E-4
2.61542E-4
5.24625E-4
1.9575E-4
2.16833E-4
1.69292E-4
1.72833E-4
1.73333E-4
1.72458E-4
1.70625E-4
1.459E-6
1.795E-4
1.5E-6
4.9175E-4
3.85375E-4
1.88333E-4
2.208E-6
1.459E-6
1.88333E-4
1.73208E-4
1.76792E-4
2.54167E-4
1.208E-6
1.77917E-4
1.333E-6
1.76583E-4
1.76458E-4
1.75959E-4
1.91667E-4
0.001556292
2.915E-4
2.17833E-4
1.80209E-4
0.011157209
1.60333E-4
1.167E-6
1.0325E-4
7.91E-7
1.4175E-4
1.72583E-4
4.8075E-4
