0.007066625
2.5834E-5
9.792E-6
9.084E-6
1.0459E-5
1.1625E-5
1.775E-5
1.625E-5
2.15E-5
3.2667E-5
3.0209E-5
4.275E-5
3.6875E-5
3.825E-5
4.3708E-5
4.4333E-5
5.9333E-5
5.8542E-5
8.1959E-5
2.916E-6
6.8125E-5
7.5208E-5
8.0833E-5
9.0792E-5
9.525E-5
1.04666E-4
1.12041E-4
1.2075E-4
1.59584E-4
1.55958E-4
1.49208E-4
4.75E-6
1.959E-6
1.57667E-4
1.66958E-4
1.78125E-4
1.9825E-4
1.98542E-4
2.12125E-4
2.21375E-4
2.3325E-4
2.44583E-4
2.57875E-4
3.04166E-4
2.98208E-4
2.57416E-4
2.6725E-4
0.001174625
2.9575E-4
3.04E-4
4.98875E-4
2.667E-6
1.68709E-4
1.74958E-4
1.07709E-4
1.0875E-4
6.50375E-4
3.20292E-4
1.56042E-4
1.06792E-4
1.02041E-4
9.0666E-5
2.666E-6
6.3292E-5
8.3917E-5
9.51375E-4
4.04666E-4
6.3625E-5
6.9584E-5
3.3583E-5
2.36708E-4
5.084E-6
6.3625E-5
1.45042E-4
6.6333E-5
5.667E-6
2.958E-6
7.1709E-5
6.7208E-5
7.05E-5
6.9584E-5
2.5E-6
8.8125E-5
4.958E-6
7.6917E-5
4.41292E-4
1.02583E-4
7.9875E-5
8.675E-5
7.2291E-5
7.4E-5
7.6084E-5
7.7792E-5
1.7208E-5
6.333E-6
8.1292E-5
1.791E-6
8.2792E-5
8.0083E-5
0.009992542
