0.0065095
0.002079
5.97125E-4
8.29292E-4
1.49375E-4
1.78E-4
1.9875E-4
1.50708E-4
6.99708E-4
0.001192041
1.58167E-4
7.45417E-4
5.17667E-4
3.22834E-4
2.47166E-4
4.60542E-4
3.63125E-4
2.23083E-4
1.315E-4
3.417E-6
3.14083E-4
2.97125E-4
2.76042E-4
2.14959E-4
3.605E-4
2.24875E-4
2.41792E-4
0.001388959
2.0725E-4
6.9167E-5
1.25917E-4
0.001010958
2.583E-6
2.09625E-4
1.2525E-4
1.28041E-4
1.30166E-4
1.31458E-4
0.001108334
4.82875E-4
2.67708E-4
3.32125E-4
2.13167E-4
3.08667E-4
2.96625E-4
2.91667E-4
3.66375E-4
6.03667E-4
2.16583E-4
3.79167E-4
2.4525E-4
1.875E-6
3.485E-4
3.04375E-4
3.45333E-4
1.99E-4
2.15625E-4
2.88417E-4
1.69417E-4
3.63417E-4
5.8725E-4
7.605E-4
1.13125E-4
8.0583E-5
7.15E-5
7.1417E-5
7.275E-5
7.2458E-5
7.1542E-5
2.583E-6
7.4458E-5
2.5E-6
7.4292E-5
7.7625E-5
7.7542E-5
2.083E-6
2.0E-6
8.6708E-5
8.1709E-5
8.025E-5
8.2584E-5
1.833E-6
8.5875E-5
2.625E-6
8.625E-5
1.61334E-4
1.86E-4
8.7291E-5
1.28083E-4
8.0542E-5
7.9333E-5
9.3209E-5
1.08042E-4
1.15E-5
2.834E-6
9.1916E-5
2.125E-6
8.4333E-5
8.4084E-5
6.86E-4
