0.006978709
4.97625E-4
4.94583E-4
2.39041E-4
1.73208E-4
2.07333E-4
2.41459E-4
1.82709E-4
4.58333E-4
4.0775E-4
8.9541E-5
3.30166E-4
2.55875E-4
3.24542E-4
2.655E-4
5.15875E-4
4.0625E-4
2.57083E-4
1.54333E-4
3.0E-6
4.18542E-4
4.52083E-4
0.001102416
6.2225E-4
1.54083E-4
6.2542E-5
6.7709E-5
6.3833E-5
6.8667E-5
7.1291E-5
6.8792E-5
0.001315625
1.21208E-4
4.35417E-4
6.55334E-4
6.21875E-4
2.21583E-4
2.66708E-4
3.39E-4
4.11292E-4
2.82084E-4
5.83459E-4
5.39167E-4
3.17333E-4
2.99083E-4
2.92708E-4
3.76167E-4
3.7425E-4
2.05583E-4
3.75625E-4
2.71792E-4
2.0625E-5
5.23375E-4
2.11083E-4
3.0825E-4
3.04417E-4
1.9E-4
2.06167E-4
1.62125E-4
1.585E-4
1.61875E-4
1.47875E-4
2.834E-6
1.495E-4
1.55292E-4
2.74042E-4
1.47542E-4
1.48916E-4
1.49708E-4
2.708E-6
1.54709E-4
2.542E-6
1.60083E-4
1.76792E-4
2.07E-4
3.291E-6
2.333E-6
1.68709E-4
4.05084E-4
7.70625E-4
1.99958E-4
2.917E-6
8.0791E-5
2.875E-6
7.4167E-5
7.5333E-5
7.6125E-5
8.2E-5
7.7916E-5
7.8041E-5
8.1292E-5
8.1625E-5
8.375E-5
2.125E-6
2.917E-6
8.3625E-5
1.375E-6
8.2625E-5
8.2917E-5
6.01083E-4
