0.002172375
7.083E-6
9.334E-6
1.225E-5
1.1E-5
5.083E-6
3.917E-6
4.792E-6
5.375E-6
4.625E-6
3.875E-6
4.292E-6
2.791E-6
2.791E-6
2.584E-6
1.708E-6
1.667E-6
1.625E-6
1.625E-6
1.625E-6
2.083E-6
1.917E-6
1.792E-6
2.625E-6
1.917E-6
1.959E-6
2.125E-6
2.083E-6
1.875E-6
2.125E-6
1.833E-6
1.958E-6
1.834E-6
1.959E-6
4.542E-6
4.5E-6
4.833E-6
4.125E-6
4.083E-6
4.60625E-4
6.084E-6
3.208E-6
2.875E-6
2.875E-6
2.875E-6
2.833E-6
5.958E-6
3.667E-6
5.041E-6
4.584E-6
5.791E-6
4.709E-6
4.75E-6
4.541E-6
4.291E-6
4.375E-6
4.25E-6
6.25E-6
4.709E-6
3.792E-6
3.583E-6
3.5E-6
3.166E-6
3.209E-6
3.334E-6
2.416E-6
2.792E-6
3.042E-6
3.25E-6
3.333E-6
3.208E-6
2.333E-6
3.375E-6
3.25E-6
3.042E-6
3.667E-6
3.209E-6
3.167E-6
3.167E-6
3.167E-6
3.041E-6
3.292E-6
3.125E-6
3.208E-6
3.166E-6
3.209E-6
2.167E-6
2.375E-6
2.375E-6
2.5E-6
3.166E-6
3.25E-6
3.167E-6
3.667E-6
3.125E-6
2.167E-6
2.458E-6
2.25E-6
2.333E-6
1.14833E-4
