4.2792E-5
5.959E-6
3.292E-6
3.75E-6
2.25E-6
2.5E-6
2.25E-6
2.166E-6
2.042E-6
1.75E-6
2.0E-6
1.583E-6
4.625E-6
3.5E-6
1.375E-6
9.17E-7
1.292E-6
1.042E-6
1.666E-6
1.792E-6
9.58E-7
9.59E-7
1.791E-6
1.5E-6
9.17E-7
9.58E-7
8.33E-7
9.58E-7
1.0E-6
1.084E-6
1.042E-6
1.125E-6
1.334E-6
8.33E-7
1.042E-6
1.125E-6
2.208E-6
7.08E-7
7.5E-7
1.042E-6
1.208E-6
1.083E-6
1.625E-6
6.25E-7
6.66E-7
6.25E-7
6.66E-7
6.25E-7
1.209E-6
7.09E-7
7.5E-7
7.92E-7
7.5E-7
1.167E-6
1.083E-6
7.5E-7
8.75E-7
9.59E-7
1.167E-6
1.209E-6
1.0E-6
7.92E-7
1.042E-6
1.042E-6
1.333E-6
7.5E-7
5.84E-7
5.84E-7
1.0E-6
9.59E-7
1.125E-6
7.92E-7
9.16E-7
1.125E-6
1.125E-6
9.58E-7
1.208E-6
1.167E-6
7.92E-7
1.291E-6
7.91E-7
1.083E-6
7.92E-7
8.75E-7
9.58E-7
1.125E-6
7.5E-7
9.58E-7
1.541E-6
1.125E-6
1.166E-6
1.084E-6
1.083E-6
1.0E-6
9.59E-7
7.08E-7
8.75E-7
1.833E-6
1.791E-6
1.0208E-5
