2.58417E-4
4.166E-6
2.041E-6
2.375E-6
3.208E-6
2.125E-6
1.875E-6
1.833E-6
2.125E-6
1.792E-6
4.209E-6
2.583E-6
2.167E-6
2.542E-6
2.708E-6
1.792E-6
3.083E-6
2.334E-6
2.833E-6
3.291E-6
1.791E-6
1.916E-6
1.792E-6
2.25E-6
1.416E-6
1.708E-6
1.959E-6
1.584E-6
1.917E-6
2.208E-6
2.875E-6
4.0E-6
4.125E-6
2.208E-6
3.375E-6
2.792E-6
6.709E-6
1.917E-6
1.75E-6
4.375E-6
3.834E-6
2.542E-6
2.791E-6
1.875E-6
1.5E-6
1.792E-6
1.458E-6
1.208E-6
3.125E-6
1.875E-6
1.667E-6
2.0E-6
2.083E-6
3.0E-6
3.875E-6
3.292E-6
2.75E-6
2.209E-6
2.084E-6
2.125E-6
2.083E-6
2.208E-6
2.417E-6
2.875E-6
3.375E-6
2.292E-6
2.083E-6
1.917E-6
1.833E-6
2.0E-6
2.125E-6
1.208E-6
1.583E-6
1.958E-6
1.416E-6
2.125E-6
1.792E-6
1.875E-6
1.75E-6
2.042E-6
1.625E-6
1.667E-6
1.625E-6
1.667E-6
2.417E-6
2.625E-6
1.792E-6
1.625E-6
1.666E-6
1.458E-6
1.542E-6
1.708E-6
2.041E-6
1.958E-6
2.584E-6
1.334E-6
1.958E-6
1.833E-6
1.708E-6
1.9292E-5
