0.001252917
6.62833E-4
4.5775E-4
3.36166E-4
3.42667E-4
3.29416E-4
3.38041E-4
3.40334E-4
3.10625E-4
3.17459E-4
3.49417E-4
3.06875E-4
3.08166E-4
2.91416E-4
2.95292E-4
2.9575E-4
3.0675E-4
5.34292E-4
4.38209E-4
7.2125E-5
0.001092833
0.001353417
9.36916E-4
6.06875E-4
8.62292E-4
6.67334E-4
4.39375E-4
3.73459E-4
3.82791E-4
4.06E-4
3.85375E-4
2.0125E-5
1.584E-6
4.11292E-4
4.40208E-4
3.95458E-4
4.01292E-4
3.95208E-4
4.22625E-4
4.22541E-4
4.105E-4
4.08166E-4
4.13625E-4
4.17625E-4
4.35916E-4
2.92833E-4
3.62708E-4
4.64125E-4
4.52E-4
3.63667E-4
3.74167E-4
1.75E-6
3.9325E-4
3.71791E-4
3.665E-4
3.55708E-4
3.34833E-4
4.72167E-4
2.50667E-4
2.54083E-4
2.56E-4
2.56458E-4
1.4417E-5
2.59167E-4
0.004014292
3.60167E-4
2.47916E-4
2.20667E-4
1.78042E-4
1.2083E-5
1.86625E-4
1.167E-6
1.73625E-4
1.7375E-4
1.74417E-4
1.125E-6
1.083E-6
1.77458E-4
1.96667E-4
1.96458E-4
1.78625E-4
1.042E-6
1.83958E-4
1.125E-6
1.80792E-4
1.83625E-4
1.82708E-4
1.85959E-4
1.86E-4
2.64667E-4
2.4375E-4
1.93792E-4
1.88459E-4
1.083E-6
1.25E-6
1.91125E-4
1.0E-6
1.8925E-4
2.33083E-4
8.72542E-4
