3.43167E-4
1.45E-5
1.975E-5
1.6917E-5
9.375E-6
3.083E-6
5.166E-6
1.5E-6
4.459E-6
5.792E-6
4.5E-6
3.625E-6
7.125E-6
2.125E-6
4.5E-6
1.542E-6
1.166E-6
1.416E-6
1.25E-6
3.75E-6
1.458E-6
1.5E-6
3.833E-6
4.833E-6
1.291E-6
1.334E-6
1.2125E-5
4.0E-6
1.417E-6
9.58E-7
1.375E-6
3.209E-6
1.25E-6
1.417E-6
3.084E-6
1.333E-6
1.416E-6
3.625E-6
3.375E-6
1.5E-6
1.25E-6
1.333E-6
1.0E-6
1.375E-6
9.58E-7
1.458E-6
1.125E-6
1.041E-6
8.33E-7
1.083E-6
1.625E-6
1.5E-6
1.083E-6
1.542E-6
9.17E-7
1.042E-6
9.16E-7
1.167E-6
1.333E-6
1.416E-6
1.041E-6
9.17E-7
1.0E-6
9.58E-7
1.041E-6
3.292E-6
2.042E-6
5.37125E-4
6.125E-5
1.375E-6
6.25E-7
8.33E-7
7.91E-7
1.208E-6
7.08E-7
1.334E-6
5.83E-7
6.25E-7
1.5E-6
7.09E-7
7.5E-7
9.17E-7
1.25E-6
1.583E-6
7.5E-7
1.042E-6
5.42E-7
1.625E-6
4.58E-7
7.5E-7
8.75E-7
1.167E-6
1.083E-6
6.25E-7
8.33E-7
9.16E-7
1.042E-6
6.67E-7
1.125E-6
1.19334E-4