1.32792E-4
1.55042E-4
8.4125E-5
1.05125E-4
3.167E-6
2.958E-6
2.625E-6
1.958E-6
2.667E-6
3.417E-6
2.791E-6
3.542E-6
5.584E-6
3.292E-6
5.167E-6
3.333E-6
2.417E-6
3.292E-6
2.541E-6
3.0E-6
2.458E-6
4.0E-6
4.083E-6
4.708E-6
3.166E-6
3.0E-6
2.542E-6
4.167E-6
3.208E-6
1.917E-6
3.042E-6
1.709E-6
2.834E-6
6.292E-6
7.625E-6
5.167E-6
4.541E-6
5.042E-6
4.167E-6
4.542E-6
2.75E-6
3.25E-6
1.8792E-5
4.375E-6
1.917E-6
2.917E-6
2.458E-6
1.917E-6
1.0E-6
1.959E-6
3.083E-6
3.125E-6
3.875E-6
3.833E-6
3.458E-6
8.3208E-5
2.709E-6
3.166E-6
7.875E-6
7.792E-6
5.25E-6
3.375E-6
2.917E-6
3.708E-6
1.75E-6
2.083E-6
2.209E-6
3.458E-6
3.625E-6
2.583E-6
2.5E-6
3.125E-6
3.542E-6
3.25E-6
2.209E-6
1.333E-6
1.584E-6
1.542E-6
2.5E-6
2.166E-6
1.916E-6
2.916E-6
2.375E-6
3.25E-6
2.042E-6
4.292E-6
3.209E-6
6.583E-6
2.792E-6
4.208E-6
2.125E-6
2.125E-6
4.709E-6
2.958E-6
4.542E-6
2.333E-6
4.042E-6
2.125E-6
2.542E-6
2.208E-6
