1.94125E-4
4.25E-6
4.666E-6
3.125E-6
1.625E-6
2.375E-6
2.0E-6
1.875E-6
1.292E-6
1.416E-6
1.5E-6
1.709E-6
3.916E-6
4.792E-6
3.125E-6
1.791E-6
1.375E-6
1.917E-6
1.334E-6
2.167E-6
1.833E-6
1.958E-6
1.875E-6
1.333E-6
1.25E-6
1.334E-6
1.041E-6
2.584E-6
1.708E-6
1.583E-6
1.542E-6
1.917E-6
1.708E-6
2.4541E-5
2.125E-6
2.375E-6
2.042E-6
2.0E-6
1.584E-6
0.001355625
1.22708E-4
7.3125E-5
7.9833E-5
1.833E-6
8.75E-7
1.834E-6
1.708E-6
1.0E-6
6.25E-7
1.041E-6
1.292E-6
1.375E-6
7.5E-7
1.042E-6
7.92E-7
1.208E-6
6.66E-7
8.34E-7
1.0708E-5
1.5E-6
1.0E-6
6.67E-7
8.75E-7
8.0E-6
7.08E-7
7.5E-7
7.5E-7
1.041E-6
1.25E-6
8.33E-7
4.58E-7
5.83E-7
7.91E-7
9.17E-7
7.92E-7
1.51708E-4
1.32708E-4
1.666E-6
1.5E-6
1.042E-6
1.0E-6
1.291E-6
1.167E-6
1.041E-6
6.67E-7
1.083E-6
7.5E-7
1.333E-6
7.08E-7
1.042E-6
8.33E-7
7.91E-7
1.084E-6
7.91E-7
1.0E-6
1.0E-6
1.125E-6
1.083E-6
1.125E-6
8.34E-7
