0.00164075
5.6225E-4
3.57333E-4
3.56833E-4
3.53833E-4
3.69708E-4
3.56916E-4
3.83875E-4
3.86375E-4
3.845E-4
3.77458E-4
3.64667E-4
3.46791E-4
3.20542E-4
3.20375E-4
3.42542E-4
3.44791E-4
5.96375E-4
4.89042E-4
3.64417E-4
6.58125E-4
4.49333E-4
4.43292E-4
0.001272333
0.002385459
0.002478959
0.001845666
4.79417E-4
0.002252916
0.001196625
0.001080583
1.7708E-5
1.417E-6
5.83708E-4
3.72709E-4
5.10625E-4
3.74042E-4
3.78584E-4
3.83208E-4
3.8375E-4
3.86791E-4
3.86125E-4
8.835E-4
5.28625E-4
4.34417E-4
4.08E-4
3.66792E-4
3.7E-4
3.63792E-4
3.63625E-4
4.20125E-4
2.25E-6
3.76791E-4
3.74834E-4
3.7375E-4
3.80083E-4
3.71166E-4
3.6825E-4
3.66292E-4
2.88333E-4
3.7625E-4
4.00625E-4
1.625E-6
1.76541E-4
1.68042E-4
0.00360275
4.80208E-4
2.40208E-4
2.435E-4
1.25E-6
2.07958E-4
1.084E-6
1.93167E-4
1.74958E-4
2.26542E-4
1.166E-6
9.58E-7
5.20292E-4
4.47792E-4
2.10917E-4
2.39042E-4
1.125E-6
2.13084E-4
1.083E-6
2.09084E-4
1.71166E-4
1.69875E-4
1.73834E-4
1.72334E-4
2.44625E-4
3.01875E-4
1.8625E-4
1.85584E-4
1.333E-6
1.291E-6
1.77583E-4
9.17E-7
1.81333E-4
2.20125E-4
0.00114975
