0.005855916
2.8666E-5
1.0E-5
8.667E-6
9.584E-6
1.2792E-5
1.4916E-5
1.8333E-5
2.1625E-5
2.5167E-5
3.1084E-5
4.0292E-5
4.0084E-5
4.1958E-5
4.95E-5
4.9459E-5
7.5291E-5
8.075E-5
6.8417E-5
3.041E-6
7.5167E-5
8.3209E-5
9.0667E-5
1.05583E-4
1.07625E-4
1.1525E-4
1.32917E-4
1.35208E-4
1.42291E-4
2.22375E-4
2.15792E-4
4.417E-6
1.958E-6
2.25792E-4
2.06334E-4
1.98708E-4
2.08791E-4
2.21167E-4
2.36583E-4
2.61042E-4
2.6E-4
3.9375E-4
2.44292E-4
2.58333E-4
2.72791E-4
2.84333E-4
2.96667E-4
3.185E-4
0.003184291
3.47542E-4
3.2775E-4
2.917E-6
1.50084E-4
2.8225E-4
1.19958E-4
1.16916E-4
1.06834E-4
8.1583E-5
7.61042E-4
3.54042E-4
4.9792E-5
5.1125E-5
2.417E-6
5.0791E-5
5.4667E-5
5.1167E-5
5.4042E-5
5.3792E-5
5.8583E-5
4.542E-6
5.9375E-5
4.667E-6
5.8291E-5
6.4292E-5
7.8833E-5
4.083E-6
2.625E-6
6.3416E-5
6.4333E-5
6.9167E-5
6.6708E-5
2.417E-6
7.6292E-5
6.5E-6
8.3208E-5
7.9875E-5
7.9708E-5
7.9958E-5
8.2333E-5
7.8792E-5
8.8333E-5
8.4167E-5
9.1083E-5
4.417E-6
7.792E-6
8.9833E-5
1.25E-6
9.0083E-5
8.7583E-5
0.00754325
