4.50333E-4
9.5E-6
1.0667E-5
1.2125E-5
5.75E-6
5.959E-6
4.25E-6
5.0E-6
4.958E-6
3.625E-6
4.25E-6
4.416E-6
2.833E-6
2.833E-6
2.625E-6
1.5166E-5
4.458E-6
4.417E-6
5.5E-6
6.166E-6
4.459E-6
5.417E-6
6.791E-6
5.583E-6
4.625E-6
4.75E-6
4.792E-6
4.209E-6
4.042E-6
3.875E-6
3.875E-6
3.708E-6
5.541E-6
4.666E-6
4.25E-6
4.0E-6
4.0E-6
4.5E-6
4.0E-6
4.041E-6
3.792E-6
2.708E-6
2.708E-6
3.292E-6
3.209E-6
2.833E-6
2.6292E-5
2.25E-6
4.167E-6
3.333E-6
3.792E-6
3.541E-6
4.583E-6
3.958E-6
4.0E-6
4.042E-6
4.375E-6
3.375E-6
3.458E-6
4.167E-6
3.792E-6
3.75E-6
3.75E-6
3.791E-6
3.792E-6
2.75E-6
4.042E-6
3.625E-6
3.75E-6
3.791E-6
3.709E-6
2.625E-6
3.916E-6
3.917E-6
3.458E-6
3.792E-6
3.875E-6
3.834E-6
3.792E-6
3.875E-6
3.625E-6
3.958E-6
3.667E-6
3.708E-6
3.875E-6
3.209E-6
2.334E-6
2.333E-6
2.458E-6
2.583E-6
3.208E-6
3.208E-6
3.208E-6
5.208E-6
4.041E-6
2.292E-6
2.5E-6
2.458E-6
2.334E-6
2.25666E-4
