0.002602125
1.5666E-5
2.9375E-5
1.5084E-5
3.375E-6
3.458E-6
2.75E-6
4.125E-6
3.791E-6
4.709E-6
5.042E-6
6.916E-6
5.5E-6
2.916E-6
5.084E-6
3.75E-6
6.0E-6
5.792E-6
1.375E-6
5.25E-5
2.209E-6
3.1917E-5
4.291E-6
1.208E-6
1.042E-6
1.208E-6
1.0E-6
8.625E-6
1.625E-6
7.5E-7
1.541E-6
5.0E-7
1.041E-6
3.875E-6
1.25E-6
1.584E-6
1.833E-6
1.5E-6
1.25E-6
2.25E-6
1.209E-6
1.209E-6
1.458E-6
4.083E-6
1.709E-6
4.042E-6
2.75E-6
2.666E-6
1.125E-6
2.708E-6
5.375E-6
4.334E-6
2.916E-6
3.083E-6
2.5E-6
4.042E-6
2.375E-6
2.708E-6
3.792E-6
3.084E-6
2.125E-6
2.583E-6
1.792E-6
2.375E-6
1.583E-6
2.625E-6
2.708E-6
3.375E-6
4.209E-6
3.833E-6
3.39083E-4
3.542E-6
3.75E-6
4.0E-6
2.667E-6
1.75E-6
1.625E-6
4.458E-6
3.5E-6
2.75E-6
2.333E-6
3.416E-6
9.666E-6
3.459E-6
2.25E-6
3.25E-6
1.75E-6
4.958E-6
8.8E-5
4.541E-6
5.0E-6
3.417E-6
4.834E-6
6.209E-6
3.125E-6
2.166E-6
3.458E-6
2.083E-6
2.791E-6
2.542E-6
