0.002029792
0.001729542
0.0011765
9.53875E-4
9.82125E-4
9.615E-4
0.002652583
0.002120333
8.76667E-4
8.84584E-4
8.36542E-4
8.28125E-4
7.98917E-4
7.66875E-4
7.37209E-4
7.3475E-4
7.75125E-4
8.05042E-4
7.33459E-4
1.26333E-4
0.00107025
0.001733416
9.95583E-4
8.03E-4
9.36292E-4
9.63916E-4
8.34167E-4
0.006267375
9.49125E-4
6.79084E-4
6.5275E-4
2.042E-6
1.917E-6
6.50666E-4
7.035E-4
6.2125E-4
6.07042E-4
7.24792E-4
6.27417E-4
5.57667E-4
6.75792E-4
6.155E-4
6.955E-4
8.61875E-4
8.00666E-4
7.40084E-4
4.7875E-4
5.78792E-4
5.32625E-4
4.00792E-4
5.27084E-4
1.958E-6
5.1575E-4
3.63875E-4
3.63E-4
4.48708E-4
5.58542E-4
4.405E-4
5.45167E-4
4.98792E-4
5.48833E-4
5.68125E-4
2.458E-6
3.79875E-4
3.47042E-4
3.5875E-4
3.58792E-4
3.56292E-4
3.63667E-4
1.625E-6
3.61709E-4
1.583E-6
3.6375E-4
3.61416E-4
3.62209E-4
1.584E-6
1.458E-6
3.70292E-4
5.68208E-4
4.37333E-4
4.95542E-4
1.542E-6
3.79708E-4
1.666E-6
3.87417E-4
3.67333E-4
3.71042E-4
3.78292E-4
3.7725E-4
3.66875E-4
3.63167E-4
3.98417E-4
5.45541E-4
2.542E-6
2.083E-6
6.20709E-4
1.417E-6
6.12042E-4
6.00417E-4
0.003555458
