1.185E-4
1.4292E-5
5.958E-6
7.0E-6
8.584E-6
6.667E-6
6.375E-6
7.541E-6
7.75E-6
6.208E-6
8.917E-6
4.583E-6
7.584E-6
5.708E-6
5.458E-6
4.792E-6
8.458E-6
8.5E-6
8.208E-6
2.9958E-5
4.458E-6
6.458E-6
6.042E-6
7.458E-6
3.292E-6
3.708E-6
5.166E-6
5.084E-6
6.541E-6
6.875E-6
6.875E-6
6.666E-6
7.0E-6
6.917E-6
8.666E-6
4.0E-6
3.25E-6
2.084E-6
2.833E-6
3.041E-6
3.042E-6
2.833E-6
6.6666E-5
1.584E-6
1.5E-6
2.042E-6
1.959E-6
1.125E-6
3.291E-6
1.625E-6
1.625E-6
1.792E-6
2.334E-6
3.083E-6
2.8375E-5
6.834E-6
6.375E-6
4.291E-6
4.083E-6
4.458E-6
5.084E-6
2.34125E-4
9.3208E-5
6.916E-6
6.667E-6
5.041E-6
4.709E-6
4.25E-6
5.458E-6
6.833E-6
6.25E-6
3.333E-6
4.917E-6
6.417E-6
4.292E-6
6.083E-6
6.625E-6
6.875E-6
6.458E-6
6.292E-6
4.291E-6
4.792E-6
5.125E-6
8.208E-6
6.292E-6
6.458E-6
3.792E-6
3.709E-6
4.0E-6
3.875E-6
1.91291E-4
1.61958E-4
3.292E-6
3.0E-6
7.709E-6
1.05625E-4
3.208E-6
1.12292E-4
8.8917E-5
2.7708E-5
