5.6542E-5
4.167E-6
1.25E-6
1.333E-6
1.042E-6
1.208E-6
1.25E-6
1.167E-6
1.375E-6
1.417E-6
9.16E-7
7.91E-7
5.83E-7
7.08E-7
5.84E-7
6.25E-7
5.83E-7
5.84E-7
7.5E-7
5.42E-7
7.5E-7
2.584E-6
1.166E-6
1.041E-6
8.75E-7
7.91E-7
7.09E-7
7.5E-7
7.92E-7
9.17E-7
7.08E-7
5.42E-7
7.08E-7
6.67E-7
7.08E-7
6.67E-7
6.25E-7
5.84E-7
5.42E-7
5.83E-7
6.25E-7
7.08E-7
6.25E-7
5.83E-7
7.5E-7
6.67E-7
5.0E-7
6.67E-7
1.166E-6
9.58E-7
8.75E-7
7.08E-7
5.83E-7
9.17E-7
7.92E-7
1.75E-6
1.292E-6
8.33E-7
7.91E-7
8.75E-7
8.33E-7
6.66E-7
9.16E-7
3.833E-6
1.084E-6
8.75E-7
8.34E-7
7.5E-7
7.08E-7
5.83E-7
7.09E-7
6.25E-7
8.34E-7
9.17E-7
8.34E-7
7.08E-7
5.84E-7
6.67E-7
5.83E-7
6.25E-7
6.25E-7
5.0E-7
6.67E-7
6.25E-7
5.42E-7
5.42E-7
7.5E-7
1.292E-6
9.59E-7
8.33E-7
6.67E-7
6.25E-7
1.125E-6
7.92E-7
7.09E-7
7.09E-7
5.83E-7
6.66E-7
5.83E-7
5.83E-7
