0.005585042
0.001161458
4.31791E-4
2.49875E-4
1.75958E-4
1.96458E-4
2.10958E-4
1.56625E-4
4.10875E-4
3.54792E-4
1.76125E-4
2.60625E-4
3.105E-4
2.37708E-4
4.59875E-4
6.27625E-4
1.7625E-4
2.55666E-4
2.97083E-4
2.625E-6
2.27125E-4
1.53584E-4
4.61084E-4
1.53875E-4
3.75625E-4
2.23209E-4
0.001150959
2.22916E-4
1.97E-4
3.42958E-4
0.001140209
0.001114667
2.75E-6
1.4775E-4
1.25875E-4
1.43541E-4
1.13541E-4
1.13E-4
8.24E-4
7.27417E-4
1.64E-4
3.04167E-4
2.14667E-4
3.08375E-4
2.94583E-4
2.87083E-4
3.69542E-4
3.91083E-4
2.07459E-4
3.80875E-4
2.93333E-4
2.583E-6
3.61458E-4
3.15375E-4
3.52417E-4
2.04125E-4
2.12833E-4
3.03916E-4
1.70917E-4
3.71959E-4
2.0025E-4
1.48667E-4
3.625E-6
1.51417E-4
1.96291E-4
1.80583E-4
2.01416E-4
7.24708E-4
1.57625E-4
2.666E-6
1.51917E-4
3.042E-6
1.62458E-4
3.77875E-4
3.6275E-4
2.666E-6
2.416E-6
1.93167E-4
1.48625E-4
1.4825E-4
1.48417E-4
1.625E-6
1.47917E-4
2.542E-6
1.45958E-4
1.55833E-4
1.53708E-4
1.52125E-4
2.91667E-4
1.53334E-4
1.53E-4
1.54334E-4
1.54666E-4
1.916E-6
2.792E-6
3.23625E-4
1.5E-6
1.5675E-4
1.55375E-4
8.85542E-4
